<?xml version="1.0" encoding="UTF-8"?>
<testng-results skipped="0" failed="0" total="1" passed="1">
  <reporter-output>
  </reporter-output>
  <suite name="TestRunner.TestRunner" duration-ms="14142" started-at="2023-06-20T16:54:56Z" finished-at="2023-06-20T16:55:10Z">
    <groups>
    </groups>
    <test name="Command line test" duration-ms="14142" started-at="2023-06-20T16:54:56Z" finished-at="2023-06-20T16:55:10Z">
      <class name="TestRunner.TestRunner">
        <test-method status="PASS" signature="testParallel()[pri:0, instance:TestRunner.TestRunner@3fb6a447]" name="testParallel" duration-ms="14124" started-at="2023-06-20T22:24:56Z" finished-at="2023-06-20T22:25:10Z">
          <reporter-output>
          </reporter-output>
        </test-method> <!-- testParallel -->
      </class> <!-- TestRunner.TestRunner -->
    </test> <!-- Command line test -->
  </suite> <!-- TestRunner.TestRunner -->
</testng-results>
